Len 30, 2023 10:23:24 LK de.gurkenlabs.litiengine.resources.Fonts load
SEVERE: font file:/Users/akulrampersand/Desktop/Adventure/custom%20font.ttf could not be loaded
Len 30, 2023 10:23:24 LK de.gurkenlabs.litiengine.resources.Fonts load
SEVERE: font file:/Users/akulrampersand/Desktop/Adventure/custom%20font.ttf could not be loaded
Len 30, 2023 10:23:24 LK de.gurkenlabs.litiengine.resources.Fonts load
SEVERE: font file:/Users/akulrampersand/Desktop/Adventure/custom%20font.ttf could not be loaded
Len 30, 2023 10:23:24 LK de.gurkenlabs.litiengine.resources.Fonts load
SEVERE: font file:/Users/akulrampersand/Desktop/Adventure/custom%20font.ttf could not be loaded
Len 30, 2023 10:23:24 LK de.gurkenlabs.litiengine.resources.Fonts load
SEVERE: font file:/Users/akulrampersand/Desktop/Adventure/custom%20font.ttf could not be loaded
Len 30, 2023 10:23:24 LK de.gurkenlabs.litiengine.resources.Fonts load
SEVERE: font file:/Users/akulrampersand/Desktop/Adventure/custom%20font.ttf could not be loaded
Len 30, 2023 10:23:24 LK de.gurkenlabs.litiengine.resources.Fonts load
SEVERE: font file:/Users/akulrampersand/Desktop/Adventure/custom%20font.ttf could not be loaded
Len 30, 2023 10:23:24 LK de.gurkenlabs.litiengine.resources.Fonts load
SEVERE: font file:/Users/akulrampersand/Desktop/Adventure/custom%20font.ttf could not be loaded
Len 30, 2023 10:23:24 LK de.gurkenlabs.litiengine.resources.Fonts load
SEVERE: font file:/Users/akulrampersand/Desktop/Adventure/custom%20font.ttf could not be loaded
Len 30, 2023 10:23:24 LK de.gurkenlabs.litiengine.resources.Fonts load
SEVERE: font file:/Users/akulrampersand/Desktop/Adventure/custom%20font.ttf could not be loaded
Len 30, 2023 10:23:24 LK de.gurkenlabs.litiengine.resources.Fonts load
SEVERE: font file:/Users/akulrampersand/Desktop/Adventure/custom%20font.ttf could not be loaded
Len 30, 2023 10:23:25 LK de.gurkenlabs.litiengine.resources.Fonts load
SEVERE: font file:/Users/akulrampersand/Desktop/Adventure/custom%20font.ttf could not be loaded
Len 30, 2023 10:23:25 LK de.gurkenlabs.litiengine.resources.Fonts load
SEVERE: font file:/Users/akulrampersand/Desktop/Adventure/custom%20font.ttf could not be loaded
Len 30, 2023 10:23:25 LK de.gurkenlabs.litiengine.resources.Fonts load
SEVERE: font file:/Users/akulrampersand/Desktop/Adventure/custom%20font.ttf could not be loaded
Len 30, 2023 10:23:25 LK de.gurkenlabs.litiengine.resources.Fonts load
SEVERE: font file:/Users/akulrampersand/Desktop/Adventure/custom%20font.ttf could not be loaded
Len 30, 2023 10:23:25 LK de.gurkenlabs.litiengine.resources.Fonts load
SEVERE: font file:/Users/akulrampersand/Desktop/Adventure/custom%20font.ttf could not be loaded
Len 30, 2023 10:23:25 LK de.gurkenlabs.litiengine.resources.Fonts load
SEVERE: font file:/Users/akulrampersand/Desktop/Adventure/custom%20font.ttf could not be loaded
Len 30, 2023 10:23:25 LK de.gurkenlabs.litiengine.resources.Fonts load
SEVERE: font file:/Users/akulrampersand/Desktop/Adventure/custom%20font.ttf could not be loaded
Len 30, 2023 10:23:25 LK de.gurkenlabs.litiengine.resources.Fonts load
SEVERE: font file:/Users/akulrampersand/Desktop/Adventure/custom%20font.ttf could not be loaded
Len 30, 2023 10:23:25 LK de.gurkenlabs.litiengine.resources.Fonts load
SEVERE: font file:/Users/akulrampersand/Desktop/Adventure/custom%20font.ttf could not be loaded
Len 30, 2023 10:23:25 LK de.gurkenlabs.litiengine.resources.Fonts load
SEVERE: font file:/Users/akulrampersand/Desktop/Adventure/custom%20font.ttf could not be loaded
Len 30, 2023 10:23:26 LK de.gurkenlabs.litiengine.resources.Fonts load
SEVERE: font file:/Users/akulrampersand/Desktop/Adventure/custom%20font.ttf could not be loaded
Len 30, 2023 10:23:26 LK de.gurkenlabs.litiengine.resources.Fonts load
SEVERE: font file:/Users/akulrampersand/Desktop/Adventure/custom%20font.ttf could not be loaded
Len 30, 2023 10:23:26 LK de.gurkenlabs.litiengine.resources.Fonts load
SEVERE: font file:/Users/akulrampersand/Desktop/Adventure/custom%20font.ttf could not be loaded
Len 30, 2023 10:23:26 LK de.gurkenlabs.litiengine.resources.Fonts load
SEVERE: font file:/Users/akulrampersand/Desktop/Adventure/custom%20font.ttf could not be loaded
Len 30, 2023 10:23:26 LK de.gurkenlabs.litiengine.resources.Fonts load
SEVERE: font file:/Users/akulrampersand/Desktop/Adventure/custom%20font.ttf could not be loaded
Len 30, 2023 10:23:26 LK de.gurkenlabs.litiengine.resources.Fonts load
SEVERE: font file:/Users/akulrampersand/Desktop/Adventure/custom%20font.ttf could not be loaded
Len 30, 2023 10:23:26 LK de.gurkenlabs.litiengine.resources.Fonts load
SEVERE: font file:/Users/akulrampersand/Desktop/Adventure/custom%20font.ttf could not be loaded
Len 30, 2023 10:23:26 LK de.gurkenlabs.litiengine.resources.Fonts load
SEVERE: font file:/Users/akulrampersand/Desktop/Adventure/custom%20font.ttf could not be loaded
Len 30, 2023 10:23:26 LK de.gurkenlabs.litiengine.resources.Fonts load
SEVERE: font file:/Users/akulrampersand/Desktop/Adventure/custom%20font.ttf could not be loaded
Len 30, 2023 10:23:26 LK de.gurkenlabs.litiengine.resources.Fonts load
SEVERE: font file:/Users/akulrampersand/Desktop/Adventure/custom%20font.ttf could not be loaded
Len 30, 2023 10:23:27 LK de.gurkenlabs.litiengine.resources.Fonts load
SEVERE: font file:/Users/akulrampersand/Desktop/Adventure/custom%20font.ttf could not be loaded
Len 30, 2023 10:23:27 LK de.gurkenlabs.litiengine.resources.Fonts load
SEVERE: font file:/Users/akulrampersand/Desktop/Adventure/custom%20font.ttf could not be loaded
Len 30, 2023 10:23:27 LK de.gurkenlabs.litiengine.resources.Fonts load
SEVERE: font file:/Users/akulrampersand/Desktop/Adventure/custom%20font.ttf could not be loaded
Len 30, 2023 10:23:27 LK de.gurkenlabs.litiengine.resources.Fonts load
SEVERE: font file:/Users/akulrampersand/Desktop/Adventure/custom%20font.ttf could not be loaded
Len 30, 2023 10:23:27 LK de.gurkenlabs.litiengine.resources.Fonts load
SEVERE: font file:/Users/akulrampersand/Desktop/Adventure/custom%20font.ttf could not be loaded
Len 30, 2023 10:23:27 LK de.gurkenlabs.litiengine.resources.Fonts load
SEVERE: font file:/Users/akulrampersand/Desktop/Adventure/custom%20font.ttf could not be loaded
Len 30, 2023 10:23:27 LK de.gurkenlabs.litiengine.resources.Fonts load
SEVERE: font file:/Users/akulrampersand/Desktop/Adventure/custom%20font.ttf could not be loaded
Len 30, 2023 10:23:27 LK de.gurkenlabs.litiengine.resources.Fonts load
SEVERE: font file:/Users/akulrampersand/Desktop/Adventure/custom%20font.ttf could not be loaded
Len 30, 2023 10:23:27 LK de.gurkenlabs.litiengine.resources.Fonts load
SEVERE: font file:/Users/akulrampersand/Desktop/Adventure/custom%20font.ttf could not be loaded
Len 30, 2023 10:23:28 LK de.gurkenlabs.litiengine.resources.Fonts load
SEVERE: font file:/Users/akulrampersand/Desktop/Adventure/custom%20font.ttf could not be loaded
Len 30, 2023 10:23:28 LK de.gurkenlabs.litiengine.resources.Fonts load
SEVERE: font file:/Users/akulrampersand/Desktop/Adventure/custom%20font.ttf could not be loaded
Len 30, 2023 10:23:28 LK de.gurkenlabs.litiengine.resources.Fonts load
SEVERE: font file:/Users/akulrampersand/Desktop/Adventure/custom%20font.ttf could not be loaded
Len 30, 2023 10:23:28 LK de.gurkenlabs.litiengine.resources.Fonts load
SEVERE: font file:/Users/akulrampersand/Desktop/Adventure/custom%20font.ttf could not be loaded
Len 30, 2023 10:23:28 LK de.gurkenlabs.litiengine.resources.Fonts load
SEVERE: font file:/Users/akulrampersand/Desktop/Adventure/custom%20font.ttf could not be loaded
Len 30, 2023 10:23:28 LK de.gurkenlabs.litiengine.resources.Fonts load
SEVERE: font file:/Users/akulrampersand/Desktop/Adventure/custom%20font.ttf could not be loaded
Len 30, 2023 10:23:28 LK de.gurkenlabs.litiengine.resources.Fonts load
SEVERE: font file:/Users/akulrampersand/Desktop/Adventure/custom%20font.ttf could not be loaded
Len 30, 2023 10:23:28 LK de.gurkenlabs.litiengine.resources.Fonts load
SEVERE: font file:/Users/akulrampersand/Desktop/Adventure/custom%20font.ttf could not be loaded
Len 30, 2023 10:23:28 LK de.gurkenlabs.litiengine.resources.Fonts load
SEVERE: font file:/Users/akulrampersand/Desktop/Adventure/custom%20font.ttf could not be loaded
Len 30, 2023 10:23:28 LK de.gurkenlabs.litiengine.resources.Fonts load
SEVERE: font file:/Users/akulrampersand/Desktop/Adventure/custom%20font.ttf could not be loaded
Len 30, 2023 10:23:29 LK de.gurkenlabs.litiengine.resources.Fonts load
SEVERE: font file:/Users/akulrampersand/Desktop/Adventure/custom%20font.ttf could not be loaded
Len 30, 2023 10:23:29 LK de.gurkenlabs.litiengine.resources.Fonts load
SEVERE: font file:/Users/akulrampersand/Desktop/Adventure/custom%20font.ttf could not be loaded
Len 30, 2023 10:23:29 LK de.gurkenlabs.litiengine.resources.Fonts load
SEVERE: font file:/Users/akulrampersand/Desktop/Adventure/custom%20font.ttf could not be loaded
Len 30, 2023 10:23:29 LK de.gurkenlabs.litiengine.resources.Fonts load
SEVERE: font file:/Users/akulrampersand/Desktop/Adventure/custom%20font.ttf could not be loaded
Len 30, 2023 10:23:29 LK de.gurkenlabs.litiengine.resources.Fonts load
SEVERE: font file:/Users/akulrampersand/Desktop/Adventure/custom%20font.ttf could not be loaded
Len 30, 2023 10:23:29 LK de.gurkenlabs.litiengine.resources.Fonts load
SEVERE: font file:/Users/akulrampersand/Desktop/Adventure/custom%20font.ttf could not be loaded
Len 30, 2023 10:23:29 LK de.gurkenlabs.litiengine.resources.Fonts load
SEVERE: font file:/Users/akulrampersand/Desktop/Adventure/custom%20font.ttf could not be loaded
Len 30, 2023 10:23:29 LK de.gurkenlabs.litiengine.resources.Fonts load
SEVERE: font file:/Users/akulrampersand/Desktop/Adventure/custom%20font.ttf could not be loaded
Len 30, 2023 10:23:29 LK de.gurkenlabs.litiengine.resources.Fonts load
SEVERE: font file:/Users/akulrampersand/Desktop/Adventure/custom%20font.ttf could not be loaded
Len 30, 2023 10:23:29 LK de.gurkenlabs.litiengine.resources.Fonts load
SEVERE: font file:/Users/akulrampersand/Desktop/Adventure/custom%20font.ttf could not be loaded
Len 30, 2023 10:23:30 LK de.gurkenlabs.litiengine.resources.Fonts load
SEVERE: font file:/Users/akulrampersand/Desktop/Adventure/custom%20font.ttf could not be loaded
Len 30, 2023 10:23:30 LK de.gurkenlabs.litiengine.resources.Fonts load
SEVERE: font file:/Users/akulrampersand/Desktop/Adventure/custom%20font.ttf could not be loaded
Len 30, 2023 10:23:30 LK de.gurkenlabs.litiengine.resources.Fonts load
SEVERE: font file:/Users/akulrampersand/Desktop/Adventure/custom%20font.ttf could not be loaded
Len 30, 2023 10:23:30 LK de.gurkenlabs.litiengine.resources.Fonts load
SEVERE: font file:/Users/akulrampersand/Desktop/Adventure/custom%20font.ttf could not be loaded
Len 30, 2023 10:23:30 LK de.gurkenlabs.litiengine.resources.Fonts load
SEVERE: font file:/Users/akulrampersand/Desktop/Adventure/custom%20font.ttf could not be loaded
Len 30, 2023 10:23:30 LK de.gurkenlabs.litiengine.resources.Fonts load
SEVERE: font file:/Users/akulrampersand/Desktop/Adventure/custom%20font.ttf could not be loaded
Len 30, 2023 10:23:30 LK de.gurkenlabs.litiengine.resources.Fonts load
SEVERE: font file:/Users/akulrampersand/Desktop/Adventure/custom%20font.ttf could not be loaded
Len 30, 2023 10:23:30 LK de.gurkenlabs.litiengine.resources.Fonts load
SEVERE: font file:/Users/akulrampersand/Desktop/Adventure/custom%20font.ttf could not be loaded
Len 30, 2023 10:23:30 LK de.gurkenlabs.litiengine.resources.Fonts load
SEVERE: font file:/Users/akulrampersand/Desktop/Adventure/custom%20font.ttf could not be loaded
Len 30, 2023 10:23:31 LK de.gurkenlabs.litiengine.resources.Fonts load
SEVERE: font file:/Users/akulrampersand/Desktop/Adventure/custom%20font.ttf could not be loaded
Len 30, 2023 10:23:31 LK de.gurkenlabs.litiengine.resources.Fonts load
SEVERE: font file:/Users/akulrampersand/Desktop/Adventure/custom%20font.ttf could not be loaded
Len 30, 2023 10:23:31 LK de.gurkenlabs.litiengine.resources.Fonts load
SEVERE: font file:/Users/akulrampersand/Desktop/Adventure/custom%20font.ttf could not be loaded
Len 30, 2023 10:23:31 LK de.gurkenlabs.litiengine.resources.Fonts load
SEVERE: font file:/Users/akulrampersand/Desktop/Adventure/custom%20font.ttf could not be loaded
Len 30, 2023 10:23:31 LK de.gurkenlabs.litiengine.resources.Fonts load
SEVERE: font file:/Users/akulrampersand/Desktop/Adventure/custom%20font.ttf could not be loaded
Len 30, 2023 10:23:31 LK de.gurkenlabs.litiengine.resources.Fonts load
SEVERE: font file:/Users/akulrampersand/Desktop/Adventure/custom%20font.ttf could not be loaded
Len 30, 2023 10:23:31 LK de.gurkenlabs.litiengine.resources.Fonts load
SEVERE: font file:/Users/akulrampersand/Desktop/Adventure/custom%20font.ttf could not be loaded
Len 30, 2023 10:23:31 LK de.gurkenlabs.litiengine.resources.Fonts load
SEVERE: font file:/Users/akulrampersand/Desktop/Adventure/custom%20font.ttf could not be loaded
Len 30, 2023 10:23:31 LK de.gurkenlabs.litiengine.resources.Fonts load
SEVERE: font file:/Users/akulrampersand/Desktop/Adventure/custom%20font.ttf could not be loaded
Len 30, 2023 10:23:31 LK de.gurkenlabs.litiengine.resources.Fonts load
SEVERE: font file:/Users/akulrampersand/Desktop/Adventure/custom%20font.ttf could not be loaded
Len 30, 2023 10:23:32 LK de.gurkenlabs.litiengine.resources.Fonts load
SEVERE: font file:/Users/akulrampersand/Desktop/Adventure/custom%20font.ttf could not be loaded
Len 30, 2023 10:23:32 LK de.gurkenlabs.litiengine.resources.Fonts load
SEVERE: font file:/Users/akulrampersand/Desktop/Adventure/custom%20font.ttf could not be loaded
Len 30, 2023 10:23:32 LK de.gurkenlabs.litiengine.resources.Fonts load
SEVERE: font file:/Users/akulrampersand/Desktop/Adventure/custom%20font.ttf could not be loaded
Len 30, 2023 10:23:32 LK de.gurkenlabs.litiengine.resources.Fonts load
SEVERE: font file:/Users/akulrampersand/Desktop/Adventure/custom%20font.ttf could not be loaded
Len 30, 2023 10:23:32 LK de.gurkenlabs.litiengine.resources.Fonts load
SEVERE: font file:/Users/akulrampersand/Desktop/Adventure/custom%20font.ttf could not be loaded
Len 30, 2023 10:23:32 LK de.gurkenlabs.litiengine.resources.Fonts load
SEVERE: font file:/Users/akulrampersand/Desktop/Adventure/custom%20font.ttf could not be loaded
Len 30, 2023 10:23:32 LK de.gurkenlabs.litiengine.resources.Fonts load
SEVERE: font file:/Users/akulrampersand/Desktop/Adventure/custom%20font.ttf could not be loaded
Len 30, 2023 10:23:32 LK de.gurkenlabs.litiengine.resources.Fonts load
SEVERE: font file:/Users/akulrampersand/Desktop/Adventure/custom%20font.ttf could not be loaded
Len 30, 2023 10:23:32 LK de.gurkenlabs.litiengine.resources.Fonts load
SEVERE: font file:/Users/akulrampersand/Desktop/Adventure/custom%20font.ttf could not be loaded
Len 30, 2023 10:23:33 LK de.gurkenlabs.litiengine.resources.Fonts load
SEVERE: font file:/Users/akulrampersand/Desktop/Adventure/custom%20font.ttf could not be loaded
Len 30, 2023 10:23:33 LK de.gurkenlabs.litiengine.resources.Fonts load
SEVERE: font file:/Users/akulrampersand/Desktop/Adventure/custom%20font.ttf could not be loaded
Len 30, 2023 10:23:33 LK de.gurkenlabs.litiengine.resources.Fonts load
SEVERE: font file:/Users/akulrampersand/Desktop/Adventure/custom%20font.ttf could not be loaded
Len 30, 2023 10:23:33 LK de.gurkenlabs.litiengine.resources.Fonts load
SEVERE: font file:/Users/akulrampersand/Desktop/Adventure/custom%20font.ttf could not be loaded
Len 30, 2023 10:23:33 LK de.gurkenlabs.litiengine.resources.Fonts load
SEVERE: font file:/Users/akulrampersand/Desktop/Adventure/custom%20font.ttf could not be loaded
Len 30, 2023 10:23:33 LK de.gurkenlabs.litiengine.resources.Fonts load
SEVERE: font file:/Users/akulrampersand/Desktop/Adventure/custom%20font.ttf could not be loaded
Len 30, 2023 10:23:33 LK de.gurkenlabs.litiengine.resources.Fonts load
SEVERE: font file:/Users/akulrampersand/Desktop/Adventure/custom%20font.ttf could not be loaded
Len 30, 2023 10:23:33 LK de.gurkenlabs.litiengine.resources.Fonts load
SEVERE: font file:/Users/akulrampersand/Desktop/Adventure/custom%20font.ttf could not be loaded
Len 30, 2023 10:23:33 LK de.gurkenlabs.litiengine.resources.Fonts load
SEVERE: font file:/Users/akulrampersand/Desktop/Adventure/custom%20font.ttf could not be loaded
Len 30, 2023 10:23:33 LK de.gurkenlabs.litiengine.resources.Fonts load
SEVERE: font file:/Users/akulrampersand/Desktop/Adventure/custom%20font.ttf could not be loaded
Len 30, 2023 10:23:34 LK de.gurkenlabs.litiengine.resources.Fonts load
SEVERE: font file:/Users/akulrampersand/Desktop/Adventure/custom%20font.ttf could not be loaded
Len 30, 2023 10:23:34 LK de.gurkenlabs.litiengine.resources.Fonts load
SEVERE: font file:/Users/akulrampersand/Desktop/Adventure/custom%20font.ttf could not be loaded
Len 30, 2023 10:23:34 LK de.gurkenlabs.litiengine.resources.Fonts load
SEVERE: font file:/Users/akulrampersand/Desktop/Adventure/custom%20font.ttf could not be loaded
Len 30, 2023 10:23:34 LK de.gurkenlabs.litiengine.resources.Fonts load
SEVERE: font file:/Users/akulrampersand/Desktop/Adventure/custom%20font.ttf could not be loaded
Len 30, 2023 10:23:34 LK de.gurkenlabs.litiengine.resources.Fonts load
SEVERE: font file:/Users/akulrampersand/Desktop/Adventure/custom%20font.ttf could not be loaded
Len 30, 2023 10:23:34 LK de.gurkenlabs.litiengine.resources.Fonts load
SEVERE: font file:/Users/akulrampersand/Desktop/Adventure/custom%20font.ttf could not be loaded
Len 30, 2023 10:23:34 LK de.gurkenlabs.litiengine.resources.Fonts load
SEVERE: font file:/Users/akulrampersand/Desktop/Adventure/custom%20font.ttf could not be loaded
Len 30, 2023 10:23:34 LK de.gurkenlabs.litiengine.resources.Fonts load
SEVERE: font file:/Users/akulrampersand/Desktop/Adventure/custom%20font.ttf could not be loaded
Len 30, 2023 10:23:34 LK de.gurkenlabs.litiengine.resources.Fonts load
SEVERE: font file:/Users/akulrampersand/Desktop/Adventure/custom%20font.ttf could not be loaded
Len 30, 2023 10:23:34 LK de.gurkenlabs.litiengine.resources.Fonts load
SEVERE: font file:/Users/akulrampersand/Desktop/Adventure/custom%20font.ttf could not be loaded
Len 30, 2023 10:23:35 LK de.gurkenlabs.litiengine.resources.Fonts load
SEVERE: font file:/Users/akulrampersand/Desktop/Adventure/custom%20font.ttf could not be loaded
Len 30, 2023 10:23:35 LK de.gurkenlabs.litiengine.resources.Fonts load
SEVERE: font file:/Users/akulrampersand/Desktop/Adventure/custom%20font.ttf could not be loaded
Len 30, 2023 10:23:35 LK de.gurkenlabs.litiengine.resources.Fonts load
SEVERE: font file:/Users/akulrampersand/Desktop/Adventure/custom%20font.ttf could not be loaded
Len 30, 2023 10:23:35 LK de.gurkenlabs.litiengine.resources.Fonts load
SEVERE: font file:/Users/akulrampersand/Desktop/Adventure/custom%20font.ttf could not be loaded
Len 30, 2023 10:23:35 LK de.gurkenlabs.litiengine.resources.Fonts load
SEVERE: font file:/Users/akulrampersand/Desktop/Adventure/custom%20font.ttf could not be loaded
Len 30, 2023 10:23:35 LK de.gurkenlabs.litiengine.resources.Fonts load
SEVERE: font file:/Users/akulrampersand/Desktop/Adventure/custom%20font.ttf could not be loaded
Len 30, 2023 10:23:35 LK de.gurkenlabs.litiengine.resources.Fonts load
SEVERE: font file:/Users/akulrampersand/Desktop/Adventure/custom%20font.ttf could not be loaded
Len 30, 2023 10:23:35 LK de.gurkenlabs.litiengine.resources.Fonts load
SEVERE: font file:/Users/akulrampersand/Desktop/Adventure/custom%20font.ttf could not be loaded
Len 30, 2023 10:23:35 LK de.gurkenlabs.litiengine.resources.Fonts load
SEVERE: font file:/Users/akulrampersand/Desktop/Adventure/custom%20font.ttf could not be loaded
Len 30, 2023 10:23:36 LK de.gurkenlabs.litiengine.resources.Fonts load
SEVERE: font file:/Users/akulrampersand/Desktop/Adventure/custom%20font.ttf could not be loaded
Len 30, 2023 10:23:36 LK de.gurkenlabs.litiengine.resources.Fonts load
SEVERE: font file:/Users/akulrampersand/Desktop/Adventure/custom%20font.ttf could not be loaded
Len 30, 2023 10:23:36 LK de.gurkenlabs.litiengine.resources.Fonts load
SEVERE: font file:/Users/akulrampersand/Desktop/Adventure/custom%20font.ttf could not be loaded
Len 30, 2023 10:23:36 LK de.gurkenlabs.litiengine.resources.Fonts load
SEVERE: font file:/Users/akulrampersand/Desktop/Adventure/custom%20font.ttf could not be loaded
Len 30, 2023 10:23:36 LK de.gurkenlabs.litiengine.resources.Fonts load
SEVERE: font file:/Users/akulrampersand/Desktop/Adventure/custom%20font.ttf could not be loaded
Len 30, 2023 10:23:36 LK de.gurkenlabs.litiengine.resources.Fonts load
SEVERE: font file:/Users/akulrampersand/Desktop/Adventure/custom%20font.ttf could not be loaded
Len 30, 2023 10:23:36 LK de.gurkenlabs.litiengine.resources.Fonts load
SEVERE: font file:/Users/akulrampersand/Desktop/Adventure/custom%20font.ttf could not be loaded
Len 30, 2023 10:23:36 LK de.gurkenlabs.litiengine.resources.Fonts load
SEVERE: font file:/Users/akulrampersand/Desktop/Adventure/custom%20font.ttf could not be loaded
Len 30, 2023 10:23:36 LK de.gurkenlabs.litiengine.resources.Fonts load
SEVERE: font file:/Users/akulrampersand/Desktop/Adventure/custom%20font.ttf could not be loaded
Len 30, 2023 10:23:36 LK de.gurkenlabs.litiengine.resources.Fonts load
SEVERE: font file:/Users/akulrampersand/Desktop/Adventure/custom%20font.ttf could not be loaded
Len 30, 2023 10:23:37 LK de.gurkenlabs.litiengine.resources.Fonts load
SEVERE: font file:/Users/akulrampersand/Desktop/Adventure/custom%20font.ttf could not be loaded
Len 30, 2023 10:23:37 LK de.gurkenlabs.litiengine.resources.Fonts load
SEVERE: font file:/Users/akulrampersand/Desktop/Adventure/custom%20font.ttf could not be loaded
Len 30, 2023 10:23:37 LK de.gurkenlabs.litiengine.resources.Fonts load
SEVERE: font file:/Users/akulrampersand/Desktop/Adventure/custom%20font.ttf could not be loaded
Len 30, 2023 10:23:37 LK de.gurkenlabs.litiengine.resources.Fonts load
SEVERE: font file:/Users/akulrampersand/Desktop/Adventure/custom%20font.ttf could not be loaded
Len 30, 2023 10:23:37 LK de.gurkenlabs.litiengine.resources.Fonts load
SEVERE: font file:/Users/akulrampersand/Desktop/Adventure/custom%20font.ttf could not be loaded
Len 30, 2023 10:23:37 LK de.gurkenlabs.litiengine.resources.Fonts load
SEVERE: font file:/Users/akulrampersand/Desktop/Adventure/custom%20font.ttf could not be loaded
Len 30, 2023 10:23:37 LK de.gurkenlabs.litiengine.resources.Fonts load
SEVERE: font file:/Users/akulrampersand/Desktop/Adventure/custom%20font.ttf could not be loaded
Len 30, 2023 10:23:37 LK de.gurkenlabs.litiengine.resources.Fonts load
SEVERE: font file:/Users/akulrampersand/Desktop/Adventure/custom%20font.ttf could not be loaded
Len 30, 2023 10:23:37 LK de.gurkenlabs.litiengine.resources.Fonts load
SEVERE: font file:/Users/akulrampersand/Desktop/Adventure/custom%20font.ttf could not be loaded
Len 30, 2023 10:23:37 LK de.gurkenlabs.litiengine.resources.Fonts load
SEVERE: font file:/Users/akulrampersand/Desktop/Adventure/custom%20font.ttf could not be loaded
Len 30, 2023 10:23:38 LK de.gurkenlabs.litiengine.resources.Fonts load
SEVERE: font file:/Users/akulrampersand/Desktop/Adventure/custom%20font.ttf could not be loaded
Len 30, 2023 10:23:38 LK de.gurkenlabs.litiengine.resources.Fonts load
SEVERE: font file:/Users/akulrampersand/Desktop/Adventure/custom%20font.ttf could not be loaded
Len 30, 2023 10:23:38 LK de.gurkenlabs.litiengine.resources.Fonts load
SEVERE: font file:/Users/akulrampersand/Desktop/Adventure/custom%20font.ttf could not be loaded
Len 30, 2023 10:23:38 LK de.gurkenlabs.litiengine.resources.Fonts load
SEVERE: font file:/Users/akulrampersand/Desktop/Adventure/custom%20font.ttf could not be loaded
Len 30, 2023 10:23:38 LK de.gurkenlabs.litiengine.resources.Fonts load
SEVERE: font file:/Users/akulrampersand/Desktop/Adventure/custom%20font.ttf could not be loaded
Len 30, 2023 10:23:38 LK de.gurkenlabs.litiengine.resources.Fonts load
SEVERE: font file:/Users/akulrampersand/Desktop/Adventure/custom%20font.ttf could not be loaded
Len 30, 2023 10:23:38 LK de.gurkenlabs.litiengine.resources.Fonts load
SEVERE: font file:/Users/akulrampersand/Desktop/Adventure/custom%20font.ttf could not be loaded
Len 30, 2023 10:23:38 LK de.gurkenlabs.litiengine.resources.Fonts load
SEVERE: font file:/Users/akulrampersand/Desktop/Adventure/custom%20font.ttf could not be loaded
Len 30, 2023 10:23:38 LK de.gurkenlabs.litiengine.resources.Fonts load
SEVERE: font file:/Users/akulrampersand/Desktop/Adventure/custom%20font.ttf could not be loaded
Len 30, 2023 10:23:39 LK de.gurkenlabs.litiengine.resources.Fonts load
SEVERE: font file:/Users/akulrampersand/Desktop/Adventure/custom%20font.ttf could not be loaded
Len 30, 2023 10:23:39 LK de.gurkenlabs.litiengine.resources.Fonts load
SEVERE: font file:/Users/akulrampersand/Desktop/Adventure/custom%20font.ttf could not be loaded
Len 30, 2023 10:23:39 LK de.gurkenlabs.litiengine.resources.Fonts load
SEVERE: font file:/Users/akulrampersand/Desktop/Adventure/custom%20font.ttf could not be loaded
Len 30, 2023 10:23:39 LK de.gurkenlabs.litiengine.resources.Fonts load
SEVERE: font file:/Users/akulrampersand/Desktop/Adventure/custom%20font.ttf could not be loaded
Len 30, 2023 10:23:39 LK de.gurkenlabs.litiengine.resources.Fonts load
SEVERE: font file:/Users/akulrampersand/Desktop/Adventure/custom%20font.ttf could not be loaded
Len 30, 2023 10:23:39 LK de.gurkenlabs.litiengine.resources.Fonts load
SEVERE: font file:/Users/akulrampersand/Desktop/Adventure/custom%20font.ttf could not be loaded
Len 30, 2023 10:23:39 LK de.gurkenlabs.litiengine.resources.Fonts load
SEVERE: font file:/Users/akulrampersand/Desktop/Adventure/custom%20font.ttf could not be loaded
Len 30, 2023 10:23:39 LK de.gurkenlabs.litiengine.resources.Fonts load
SEVERE: font file:/Users/akulrampersand/Desktop/Adventure/custom%20font.ttf could not be loaded
Len 30, 2023 10:23:39 LK de.gurkenlabs.litiengine.resources.Fonts load
SEVERE: font file:/Users/akulrampersand/Desktop/Adventure/custom%20font.ttf could not be loaded
Len 30, 2023 10:23:39 LK de.gurkenlabs.litiengine.resources.Fonts load
SEVERE: font file:/Users/akulrampersand/Desktop/Adventure/custom%20font.ttf could not be loaded
Len 30, 2023 10:23:40 LK de.gurkenlabs.litiengine.resources.Fonts load
SEVERE: font file:/Users/akulrampersand/Desktop/Adventure/custom%20font.ttf could not be loaded
Len 30, 2023 10:23:40 LK de.gurkenlabs.litiengine.resources.Fonts load
SEVERE: font file:/Users/akulrampersand/Desktop/Adventure/custom%20font.ttf could not be loaded
Len 30, 2023 10:23:40 LK de.gurkenlabs.litiengine.resources.Fonts load
SEVERE: font file:/Users/akulrampersand/Desktop/Adventure/custom%20font.ttf could not be loaded
Len 30, 2023 10:23:40 LK de.gurkenlabs.litiengine.resources.Fonts load
SEVERE: font file:/Users/akulrampersand/Desktop/Adventure/custom%20font.ttf could not be loaded
Len 30, 2023 10:23:40 LK de.gurkenlabs.litiengine.resources.Fonts load
SEVERE: font file:/Users/akulrampersand/Desktop/Adventure/custom%20font.ttf could not be loaded
Len 30, 2023 10:23:40 LK de.gurkenlabs.litiengine.resources.Fonts load
SEVERE: font file:/Users/akulrampersand/Desktop/Adventure/custom%20font.ttf could not be loaded
Len 30, 2023 10:23:40 LK de.gurkenlabs.litiengine.resources.Fonts load
SEVERE: font file:/Users/akulrampersand/Desktop/Adventure/custom%20font.ttf could not be loaded
Len 30, 2023 10:23:40 LK de.gurkenlabs.litiengine.resources.Fonts load
SEVERE: font file:/Users/akulrampersand/Desktop/Adventure/custom%20font.ttf could not be loaded
Len 30, 2023 10:23:40 LK de.gurkenlabs.litiengine.resources.Fonts load
SEVERE: font file:/Users/akulrampersand/Desktop/Adventure/custom%20font.ttf could not be loaded
Len 30, 2023 10:23:41 LK de.gurkenlabs.litiengine.resources.Fonts load
SEVERE: font file:/Users/akulrampersand/Desktop/Adventure/custom%20font.ttf could not be loaded
Len 30, 2023 10:23:41 LK de.gurkenlabs.litiengine.resources.Fonts load
SEVERE: font file:/Users/akulrampersand/Desktop/Adventure/custom%20font.ttf could not be loaded
Len 30, 2023 10:23:41 LK de.gurkenlabs.litiengine.resources.Fonts load
SEVERE: font file:/Users/akulrampersand/Desktop/Adventure/custom%20font.ttf could not be loaded
Len 30, 2023 10:23:41 LK de.gurkenlabs.litiengine.resources.Fonts load
SEVERE: font file:/Users/akulrampersand/Desktop/Adventure/custom%20font.ttf could not be loaded
Len 30, 2023 10:23:41 LK de.gurkenlabs.litiengine.resources.Fonts load
SEVERE: font file:/Users/akulrampersand/Desktop/Adventure/custom%20font.ttf could not be loaded
Len 30, 2023 10:23:41 LK de.gurkenlabs.litiengine.resources.Fonts load
SEVERE: font file:/Users/akulrampersand/Desktop/Adventure/custom%20font.ttf could not be loaded
Len 30, 2023 10:23:41 LK de.gurkenlabs.litiengine.resources.Fonts load
SEVERE: font file:/Users/akulrampersand/Desktop/Adventure/custom%20font.ttf could not be loaded
Len 30, 2023 10:23:41 LK de.gurkenlabs.litiengine.resources.Fonts load
SEVERE: font file:/Users/akulrampersand/Desktop/Adventure/custom%20font.ttf could not be loaded
Len 30, 2023 10:23:41 LK de.gurkenlabs.litiengine.resources.Fonts load
SEVERE: font file:/Users/akulrampersand/Desktop/Adventure/custom%20font.ttf could not be loaded
Len 30, 2023 10:23:41 LK de.gurkenlabs.litiengine.resources.Fonts load
SEVERE: font file:/Users/akulrampersand/Desktop/Adventure/custom%20font.ttf could not be loaded
Len 30, 2023 10:23:42 LK de.gurkenlabs.litiengine.resources.Fonts load
SEVERE: font file:/Users/akulrampersand/Desktop/Adventure/custom%20font.ttf could not be loaded
Len 30, 2023 10:23:42 LK de.gurkenlabs.litiengine.resources.Fonts load
SEVERE: font file:/Users/akulrampersand/Desktop/Adventure/custom%20font.ttf could not be loaded
Len 30, 2023 10:23:42 LK de.gurkenlabs.litiengine.resources.Fonts load
SEVERE: font file:/Users/akulrampersand/Desktop/Adventure/custom%20font.ttf could not be loaded
Len 30, 2023 10:23:42 LK de.gurkenlabs.litiengine.resources.Fonts load
SEVERE: font file:/Users/akulrampersand/Desktop/Adventure/custom%20font.ttf could not be loaded
Len 30, 2023 10:23:42 LK de.gurkenlabs.litiengine.resources.Fonts load
SEVERE: font file:/Users/akulrampersand/Desktop/Adventure/custom%20font.ttf could not be loaded
Len 30, 2023 10:23:42 LK de.gurkenlabs.litiengine.resources.Fonts load
SEVERE: font file:/Users/akulrampersand/Desktop/Adventure/custom%20font.ttf could not be loaded
Len 30, 2023 10:23:42 LK de.gurkenlabs.litiengine.resources.Fonts load
SEVERE: font file:/Users/akulrampersand/Desktop/Adventure/custom%20font.ttf could not be loaded
Len 30, 2023 10:23:42 LK de.gurkenlabs.litiengine.resources.Fonts load
SEVERE: font file:/Users/akulrampersand/Desktop/Adventure/custom%20font.ttf could not be loaded
Len 30, 2023 10:23:42 LK de.gurkenlabs.litiengine.resources.Fonts load
SEVERE: font file:/Users/akulrampersand/Desktop/Adventure/custom%20font.ttf could not be loaded
Len 30, 2023 10:23:42 LK de.gurkenlabs.litiengine.resources.Fonts load
SEVERE: font file:/Users/akulrampersand/Desktop/Adventure/custom%20font.ttf could not be loaded
Len 30, 2023 10:23:43 LK de.gurkenlabs.litiengine.resources.Fonts load
SEVERE: font file:/Users/akulrampersand/Desktop/Adventure/custom%20font.ttf could not be loaded
Len 30, 2023 10:23:43 LK de.gurkenlabs.litiengine.resources.Fonts load
SEVERE: font file:/Users/akulrampersand/Desktop/Adventure/custom%20font.ttf could not be loaded
Len 30, 2023 10:23:43 LK de.gurkenlabs.litiengine.resources.Fonts load
SEVERE: font file:/Users/akulrampersand/Desktop/Adventure/custom%20font.ttf could not be loaded
Len 30, 2023 10:23:43 LK de.gurkenlabs.litiengine.resources.Fonts load
SEVERE: font file:/Users/akulrampersand/Desktop/Adventure/custom%20font.ttf could not be loaded
Len 30, 2023 10:23:43 LK de.gurkenlabs.litiengine.resources.Fonts load
SEVERE: font file:/Users/akulrampersand/Desktop/Adventure/custom%20font.ttf could not be loaded
Len 30, 2023 10:23:43 LK de.gurkenlabs.litiengine.resources.Fonts load
SEVERE: font file:/Users/akulrampersand/Desktop/Adventure/custom%20font.ttf could not be loaded
Len 30, 2023 10:23:43 LK de.gurkenlabs.litiengine.resources.Fonts load
SEVERE: font file:/Users/akulrampersand/Desktop/Adventure/custom%20font.ttf could not be loaded
Len 30, 2023 10:23:43 LK de.gurkenlabs.litiengine.resources.Fonts load
SEVERE: font file:/Users/akulrampersand/Desktop/Adventure/custom%20font.ttf could not be loaded
Len 30, 2023 10:23:43 LK de.gurkenlabs.litiengine.resources.Fonts load
SEVERE: font file:/Users/akulrampersand/Desktop/Adventure/custom%20font.ttf could not be loaded
Len 30, 2023 10:23:44 LK de.gurkenlabs.litiengine.resources.Fonts load
SEVERE: font file:/Users/akulrampersand/Desktop/Adventure/custom%20font.ttf could not be loaded
Len 30, 2023 10:23:44 LK de.gurkenlabs.litiengine.resources.Fonts load
SEVERE: font file:/Users/akulrampersand/Desktop/Adventure/custom%20font.ttf could not be loaded
Len 30, 2023 10:23:44 LK de.gurkenlabs.litiengine.resources.Fonts load
SEVERE: font file:/Users/akulrampersand/Desktop/Adventure/custom%20font.ttf could not be loaded
Len 30, 2023 10:23:44 LK de.gurkenlabs.litiengine.resources.Fonts load
SEVERE: font file:/Users/akulrampersand/Desktop/Adventure/custom%20font.ttf could not be loaded
Len 30, 2023 10:23:44 LK de.gurkenlabs.litiengine.resources.Fonts load
SEVERE: font file:/Users/akulrampersand/Desktop/Adventure/custom%20font.ttf could not be loaded
Len 30, 2023 10:23:44 LK de.gurkenlabs.litiengine.resources.Fonts load
SEVERE: font file:/Users/akulrampersand/Desktop/Adventure/custom%20font.ttf could not be loaded
Len 30, 2023 10:23:44 LK de.gurkenlabs.litiengine.resources.Fonts load
SEVERE: font file:/Users/akulrampersand/Desktop/Adventure/custom%20font.ttf could not be loaded
Len 30, 2023 10:23:44 LK de.gurkenlabs.litiengine.resources.Fonts load
SEVERE: font file:/Users/akulrampersand/Desktop/Adventure/custom%20font.ttf could not be loaded
Len 30, 2023 10:23:44 LK de.gurkenlabs.litiengine.resources.Fonts load
SEVERE: font file:/Users/akulrampersand/Desktop/Adventure/custom%20font.ttf could not be loaded
Len 30, 2023 10:23:44 LK de.gurkenlabs.litiengine.resources.Fonts load
SEVERE: font file:/Users/akulrampersand/Desktop/Adventure/custom%20font.ttf could not be loaded
Len 30, 2023 10:23:45 LK de.gurkenlabs.litiengine.resources.Fonts load
SEVERE: font file:/Users/akulrampersand/Desktop/Adventure/custom%20font.ttf could not be loaded
Len 30, 2023 10:23:45 LK de.gurkenlabs.litiengine.resources.Fonts load
SEVERE: font file:/Users/akulrampersand/Desktop/Adventure/custom%20font.ttf could not be loaded
Len 30, 2023 10:23:45 LK de.gurkenlabs.litiengine.resources.Fonts load
SEVERE: font file:/Users/akulrampersand/Desktop/Adventure/custom%20font.ttf could not be loaded
Len 30, 2023 10:23:45 LK de.gurkenlabs.litiengine.resources.Fonts load
SEVERE: font file:/Users/akulrampersand/Desktop/Adventure/custom%20font.ttf could not be loaded
Len 30, 2023 10:23:45 LK de.gurkenlabs.litiengine.resources.Fonts load
SEVERE: font file:/Users/akulrampersand/Desktop/Adventure/custom%20font.ttf could not be loaded
Len 30, 2023 10:23:45 LK de.gurkenlabs.litiengine.resources.Fonts load
SEVERE: font file:/Users/akulrampersand/Desktop/Adventure/custom%20font.ttf could not be loaded
Len 30, 2023 10:23:45 LK de.gurkenlabs.litiengine.resources.Fonts load
SEVERE: font file:/Users/akulrampersand/Desktop/Adventure/custom%20font.ttf could not be loaded
Len 30, 2023 10:23:45 LK de.gurkenlabs.litiengine.resources.Fonts load
SEVERE: font file:/Users/akulrampersand/Desktop/Adventure/custom%20font.ttf could not be loaded
Len 30, 2023 10:23:45 LK de.gurkenlabs.litiengine.resources.Fonts load
SEVERE: font file:/Users/akulrampersand/Desktop/Adventure/custom%20font.ttf could not be loaded
Len 30, 2023 10:23:45 LK de.gurkenlabs.litiengine.resources.Fonts load
SEVERE: font file:/Users/akulrampersand/Desktop/Adventure/custom%20font.ttf could not be loaded
Len 30, 2023 10:23:46 LK de.gurkenlabs.litiengine.resources.Fonts load
SEVERE: font file:/Users/akulrampersand/Desktop/Adventure/custom%20font.ttf could not be loaded
Len 30, 2023 10:23:46 LK de.gurkenlabs.litiengine.resources.Fonts load
SEVERE: font file:/Users/akulrampersand/Desktop/Adventure/custom%20font.ttf could not be loaded
Len 30, 2023 10:23:46 LK de.gurkenlabs.litiengine.resources.Fonts load
SEVERE: font file:/Users/akulrampersand/Desktop/Adventure/custom%20font.ttf could not be loaded
Len 30, 2023 10:23:46 LK de.gurkenlabs.litiengine.resources.Fonts load
SEVERE: font file:/Users/akulrampersand/Desktop/Adventure/custom%20font.ttf could not be loaded
Len 30, 2023 10:23:46 LK de.gurkenlabs.litiengine.resources.Fonts load
SEVERE: font file:/Users/akulrampersand/Desktop/Adventure/custom%20font.ttf could not be loaded
Len 30, 2023 10:23:46 LK de.gurkenlabs.litiengine.resources.Fonts load
SEVERE: font file:/Users/akulrampersand/Desktop/Adventure/custom%20font.ttf could not be loaded
Len 30, 2023 10:23:46 LK de.gurkenlabs.litiengine.resources.Fonts load
SEVERE: font file:/Users/akulrampersand/Desktop/Adventure/custom%20font.ttf could not be loaded
Len 30, 2023 10:23:46 LK de.gurkenlabs.litiengine.resources.Fonts load
SEVERE: font file:/Users/akulrampersand/Desktop/Adventure/custom%20font.ttf could not be loaded
Len 30, 2023 10:23:46 LK de.gurkenlabs.litiengine.resources.Fonts load
SEVERE: font file:/Users/akulrampersand/Desktop/Adventure/custom%20font.ttf could not be loaded
Len 30, 2023 10:23:47 LK de.gurkenlabs.litiengine.resources.Fonts load
SEVERE: font file:/Users/akulrampersand/Desktop/Adventure/custom%20font.ttf could not be loaded
Len 30, 2023 10:47:56 LK de.gurkenlabs.litiengine.environment.tilemap.xml.TmxMap checkVersion
WARNING: Tiled version 1.10.1 of map "null" is greater than the supported version 1.2.x. Some features may not work.
Len 30, 2023 10:47:56 LK de.gurkenlabs.litiengine.environment.MapObjectLoader loadCustomMapObjectProperties
WARNING: entity #19: value "10" for custom property velocity could not be set.
Len 30, 2023 10:51:01 LK de.gurkenlabs.litiengine.environment.tilemap.xml.TmxMap checkVersion
WARNING: Tiled version 1.10.1 of map "null" is greater than the supported version 1.2.x. Some features may not work.
Len 30, 2023 10:51:02 LK de.gurkenlabs.litiengine.environment.MapObjectLoader loadCustomMapObjectProperties
WARNING: entity #19: value "10" for custom property velocity could not be set.
Len 30, 2023 10:51:28 LK de.gurkenlabs.litiengine.environment.tilemap.xml.TmxMap checkVersion
WARNING: Tiled version 1.10.1 of map "null" is greater than the supported version 1.2.x. Some features may not work.
Len 30, 2023 10:51:28 LK de.gurkenlabs.litiengine.environment.MapObjectLoader loadCustomMapObjectProperties
WARNING: entity #19: value "10" for custom property velocity could not be set.
Len 30, 2023 10:51:47 LK de.gurkenlabs.litiengine.environment.tilemap.xml.TmxMap checkVersion
WARNING: Tiled version 1.10.1 of map "null" is greater than the supported version 1.2.x. Some features may not work.
Len 30, 2023 10:51:47 LK de.gurkenlabs.litiengine.environment.MapObjectLoader loadCustomMapObjectProperties
WARNING: entity #19: value "10" for custom property velocity could not be set.
Len 30, 2023 10:52:59 LK de.gurkenlabs.litiengine.environment.tilemap.xml.TmxMap checkVersion
WARNING: Tiled version 1.10.1 of map "null" is greater than the supported version 1.2.x. Some features may not work.
Len 30, 2023 10:52:59 LK de.gurkenlabs.litiengine.environment.MapObjectLoader loadCustomMapObjectProperties
WARNING: entity #19: value "10" for custom property velocity could not be set.
Len 30, 2023 10:53:46 LK de.gurkenlabs.litiengine.environment.tilemap.xml.TmxMap checkVersion
WARNING: Tiled version 1.10.1 of map "null" is greater than the supported version 1.2.x. Some features may not work.
Len 30, 2023 10:53:46 LK de.gurkenlabs.litiengine.environment.MapObjectLoader loadCustomMapObjectProperties
WARNING: entity #19: value "10" for custom property velocity could not be set.
Len 31, 2023 9:05:19 ND de.gurkenlabs.litiengine.environment.tilemap.xml.TmxMap checkVersion
WARNING: Tiled version 1.10.1 of map "null" is greater than the supported version 1.2.x. Some features may not work.
Len 31, 2023 9:05:19 ND de.gurkenlabs.litiengine.environment.MapObjectLoader loadCustomMapObjectProperties
WARNING: entity #19: value "10" for custom property velocity could not be set.
Len 31, 2023 9:57:32 ND de.gurkenlabs.litiengine.environment.tilemap.xml.TmxMap checkVersion
WARNING: Tiled version 1.10.1 of map "null" is greater than the supported version 1.2.x. Some features may not work.
Len 31, 2023 9:57:32 ND de.gurkenlabs.litiengine.environment.MapObjectLoader loadCustomMapObjectProperties
WARNING: entity #19: value "10" for custom property velocity could not be set.
Len 31, 2023 10:35:21 LK de.gurkenlabs.litiengine.environment.tilemap.xml.TmxMap checkVersion
WARNING: Tiled version 1.10.1 of map "null" is greater than the supported version 1.2.x. Some features may not work.
Len 31, 2023 10:35:21 LK de.gurkenlabs.litiengine.environment.MapObjectLoader loadCustomMapObjectProperties
WARNING: entity #19: value "10" for custom property velocity could not be set.
Len 31, 2023 10:35:49 LK de.gurkenlabs.litiengine.environment.tilemap.xml.TmxMap checkVersion
WARNING: Tiled version 1.10.1 of map "null" is greater than the supported version 1.2.x. Some features may not work.
Len 31, 2023 10:35:49 LK de.gurkenlabs.litiengine.environment.MapObjectLoader loadCustomMapObjectProperties
WARNING: entity #19: value "10" for custom property velocity could not be set.
K端k 01, 2023 9:01:56 LK de.gurkenlabs.litiengine.environment.tilemap.xml.TmxMap checkVersion
WARNING: Tiled version 1.10.1 of map "main" is greater than the supported version 1.2.x. Some features may not work.
K端k 01, 2023 9:01:56 LK de.gurkenlabs.litiengine.environment.tilemap.xml.TmxMap checkVersion
WARNING: Tiled version 1.10.1 of map "map1" is greater than the supported version 1.2.x. Some features may not work.
K端k 01, 2023 9:22:21 LK de.gurkenlabs.litiengine.environment.tilemap.xml.TmxMap checkVersion
WARNING: Tiled version 1.10.1 of map "main" is greater than the supported version 1.2.x. Some features may not work.
K端k 01, 2023 9:22:21 LK de.gurkenlabs.litiengine.environment.tilemap.xml.TmxMap checkVersion
WARNING: Tiled version 1.10.1 of map "map1" is greater than the supported version 1.2.x. Some features may not work.
